app/build/intermediates/manifest_merge_blame_file/debug/manifest-merger-blame-debug-report.txt
1<?xml version="1.0" encoding="utf-8"?>
2<manifest xmlns:android="http://schemas.android.com/apk/res/android"
3    package="com.example.music_player_svmc"
4    android:versionCode="1"
5    android:versionName="1.0" >
6
7    <uses-sdk
8        android:minSdkVersion="26"
8-->src/main/AndroidManifest.xml
9        android:targetSdkVersion="32" />
9-->src/main/AndroidManifest.xml
10
11    <uses-permission android:name="android.permission.WRITE_EXTERNAL_STORAGE" />
11-->src/main/AndroidManifest.xml:5:5-80
11-->src/main/AndroidManifest.xml:5:22-78
12    <uses-permission android:name="android.permission.READ_EXTERNAL_STORAGE" />
12-->src/main/AndroidManifest.xml:6:5-80
12-->src/main/AndroidManifest.xml:6:22-77
13    <uses-permission android:name="android.permission.FOREGROUND_SERVICE" />
13-->src/main/AndroidManifest.xml:7:5-77
13-->src/main/AndroidManifest.xml:7:22-74
14
15    <application
15-->src/main/AndroidManifest.xml:9:5-34:19
16        android:name="com.example.music_player_svmc.Application.MusicPlayerApp"
16-->src/main/AndroidManifest.xml:17:9-51
17        android:allowBackup="true"
17-->src/main/AndroidManifest.xml:10:9-35
18        android:appComponentFactory="androidx.core.app.CoreComponentFactory"
18-->[androidx.core:core:1.7.0] AndroidManifest.xml:24:18-86
19        android:debuggable="true"
20        android:extractNativeLibs="false"
21        android:icon="@mipmap/ic_launcher"
21-->src/main/AndroidManifest.xml:12:9-43
22        android:label="@string/app_name"
22-->src/main/AndroidManifest.xml:13:9-41
23        android:requestLegacyExternalStorage="true"
23-->src/main/AndroidManifest.xml:11:9-52
24        android:roundIcon="@mipmap/ic_launcher_round"
24-->src/main/AndroidManifest.xml:14:9-54
25        android:supportsRtl="true"
25-->src/main/AndroidManifest.xml:15:9-35
26        android:testOnly="true"
27        android:theme="@style/Theme.Musicplayersvmc" >
27-->src/main/AndroidManifest.xml:16:9-53
28        <activity
28-->src/main/AndroidManifest.xml:18:9-26:20
29            android:name="com.example.music_player_svmc.Activity.SplashActivity"
29-->src/main/AndroidManifest.xml:19:13-52
30            android:exported="true" >
30-->src/main/AndroidManifest.xml:20:13-36
31            <intent-filter>
31-->src/main/AndroidManifest.xml:22:13-25:29
32                <action android:name="android.intent.action.MAIN" />
32-->src/main/AndroidManifest.xml:23:17-69
32-->src/main/AndroidManifest.xml:23:25-66
33
34                <category android:name="android.intent.category.LAUNCHER" />
34-->src/main/AndroidManifest.xml:24:17-77
34-->src/main/AndroidManifest.xml:24:27-74
35            </intent-filter>
36        </activity>
37        <activity android:name="com.example.music_player_svmc.Activity.HomeActivity" />
37-->src/main/AndroidManifest.xml:27:9-59
37-->src/main/AndroidManifest.xml:27:19-56
38        <activity android:name="com.example.music_player_svmc.Activity.PlayControlActivity" />
38-->src/main/AndroidManifest.xml:28:9-65
38-->src/main/AndroidManifest.xml:28:19-63
39        <activity android:name="com.example.music_player_svmc.Activity.SearchActivity" />
39-->src/main/AndroidManifest.xml:29:9-60
39-->src/main/AndroidManifest.xml:29:19-58
40        <activity android:name="com.example.music_player_svmc.Activity.AlbumDetailActivity" />
40-->src/main/AndroidManifest.xml:30:9-65
40-->src/main/AndroidManifest.xml:30:19-63
41        <activity android:name="com.example.music_player_svmc.Activity.PlaylistDetailActivity" />
41-->src/main/AndroidManifest.xml:31:9-68
41-->src/main/AndroidManifest.xml:31:19-66
42
43        <service android:name="com.example.music_player_svmc.Service.BoundService" />
43-->src/main/AndroidManifest.xml:32:9-56
43-->src/main/AndroidManifest.xml:32:18-54
44
45        <receiver android:name="com.example.music_player_svmc.Service.ActionBroadcastReceiver" />
45-->src/main/AndroidManifest.xml:33:9-68
45-->src/main/AndroidManifest.xml:33:19-66
46
47        <provider
47-->[androidx.emoji2:emoji2:1.0.0] AndroidManifest.xml:26:9-34:20
48            android:name="androidx.startup.InitializationProvider"
48-->[androidx.emoji2:emoji2:1.0.0] AndroidManifest.xml:27:13-67
49            android:authorities="com.example.music_player_svmc.androidx-startup"
49-->[androidx.emoji2:emoji2:1.0.0] AndroidManifest.xml:28:13-68
50            android:exported="false" >
50-->[androidx.emoji2:emoji2:1.0.0] AndroidManifest.xml:29:13-37
51            <meta-data
51-->[androidx.emoji2:emoji2:1.0.0] AndroidManifest.xml:31:13-33:52
52                android:name="androidx.emoji2.text.EmojiCompatInitializer"
52-->[androidx.emoji2:emoji2:1.0.0] AndroidManifest.xml:32:17-75
53                android:value="androidx.startup" />
53-->[androidx.emoji2:emoji2:1.0.0] AndroidManifest.xml:33:17-49
54            <meta-data
54-->[androidx.lifecycle:lifecycle-process:2.4.0] AndroidManifest.xml:31:13-33:52
55                android:name="androidx.lifecycle.ProcessLifecycleInitializer"
55-->[androidx.lifecycle:lifecycle-process:2.4.0] AndroidManifest.xml:32:17-78
56                android:value="androidx.startup" />
56-->[androidx.lifecycle:lifecycle-process:2.4.0] AndroidManifest.xml:33:17-49
57        </provider>
58    </application>
59
60</manifest>